<?xml version="1.0" encoding="UTF-8"?>
<!-- Generated by org.testng.reporters.JUnitReportReporter -->
<testsuite hostname="DESKTOP-K07DJQT" failures="0" tests="1" name="test.com.ResizeTest" time="14.639" errors="0" timestamp="1 Dec 2022 03:15:19 GMT">
  <testcase classname="test.com.ResizeTest" name="testResizePage" time="14.639"/>
</testsuite> <!-- test.com.ResizeTest -->
